<?xml version="1.0" encoding="UTF-8"?>
<!-- Generated by org.testng.reporters.JUnitReportReporter -->
<testsuite hostname="SAI-PC" failures="0" tests="1" name="Testng.Test_ng" time="0.018" errors="0" timestamp="2022-11-08T13:18:55 IST" skipped="0">
  <testcase classname="Testng.Test_ng" name="m1" time="0.018"/>
  <system-out>
    <![CDATA[Hi]]>
  </system-out>
</testsuite> <!-- Testng.Test_ng -->
